<?xml version="1.0" encoding="UTF-8"?>
<!-- Generated by org.testng.reporters.JUnitReportReporter -->
<testsuite hostname="LAPTOP-JN4AET3N" failures="0" tests="1" name="Project_test.PurchasebyclickTest" time="30.579" errors="0" timestamp="2024-09-13T13:33:20 GST" skipped="0">
  <testcase classname="Project_test.PurchasebyclickTest" name="testlogin" time="30.579"/>
  <system-out/>
</testsuite> <!-- Project_test.PurchasebyclickTest -->
