<?xml version="1.0" encoding="UTF-8"?>
<!-- Generated by org.testng.reporters.JUnitReportReporter -->
<testsuite hostname="LAPTOP-JN4AET3N" failures="0" tests="1" name="Exam_Test.PurchaseTest" time="8.150" errors="0" timestamp="2024-08-31T11:47:57 GST" skipped="0">
  <testcase classname="Exam_Test.PurchaseTest" name="testlogin" time="8.150"/>
  <system-out/>
</testsuite> <!-- Exam_Test.PurchaseTest -->
