<?xml version="1.0" encoding="UTF-8"?>
<!-- Generated by org.testng.reporters.JUnitReportReporter -->
<testsuite hostname="LAPTOP-JN4AET3N" failures="0" tests="1" name="Project_test.PurchaseTest" time="43.283" errors="0" timestamp="2024-09-13T13:34:15 GST" skipped="0">
  <testcase classname="Project_test.PurchaseTest" name="testlogin" time="43.283"/>
  <system-out/>
</testsuite> <!-- Project_test.PurchaseTest -->
