<?xml version="1.0" encoding="UTF-8"?>
<!-- Generated by org.testng.reporters.JUnitReportReporter -->
<testsuite hostname="LAPTOP-JN4AET3N" failures="0" tests="1" name="Project_test.RegistetTest" time="72.605" errors="0" timestamp="2024-09-13T13:38:09 GST" skipped="0">
  <testcase classname="Project_test.RegistetTest" name="tesRegister" time="72.605"/>
  <system-out/>
</testsuite> <!-- Project_test.RegistetTest -->
