<?xml version="1.0" encoding="UTF-8"?>
<!-- Generated by org.testng.reporters.JUnitReportReporter -->
<testsuite hostname="LAPTOP-JN4AET3N" failures="0" tests="1" name="Project_test.LoginTest" time="4.936" errors="0" timestamp="2024-09-13T13:32:40 GST" skipped="0">
  <testcase classname="Project_test.LoginTest" name="testlogin" time="4.936"/>
  <system-out/>
</testsuite> <!-- Project_test.LoginTest -->
